<?xml version="1.0" encoding="UTF-8"?>
<!-- Generated by org.testng.reporters.JUnitReportReporter -->
<testsuite skipped="0" hostname="TP-INOW-VC" name="runner.TestRunner" tests="1" failures="0" timestamp="11 Oct 2020 00:42:13 GMT" time="199.053" errors="0">
  <testcase name="feature" time="199.053" classname="runner.TestRunner"/>
</testsuite> <!-- runner.TestRunner -->
